<?xml version="1.0" encoding="UTF-8"?>
<testsuite name="com.elx.service.WashMachineRepoTests" tests="1" skipped="0" failures="0" errors="0" timestamp="2018-04-05T10:54:22" hostname="GDSpb1203.local" time="0.012">
  <properties/>
  <testcase name="findsByDeviceId" classname="com.elx.service.WashMachineRepoTests" time="0.012"/>
  <system-out><![CDATA[2018-04-05 13:54:22.503  INFO 41104 --- [    Test worker] .b.t.c.SpringBootTestContextBootstrapper : Neither @ContextConfiguration nor @ContextHierarchy found for test class [com.elx.service.WashMachineRepoTests], using SpringBootContextLoader
2018-04-05 13:54:22.503  INFO 41104 --- [    Test worker] o.s.t.c.support.AbstractContextLoader    : Could not detect default resource locations for test class [com.elx.service.WashMachineRepoTests]: no resource found for suffixes {-context.xml, Context.groovy}.
2018-04-05 13:54:22.503  INFO 41104 --- [    Test worker] t.c.s.AnnotationConfigContextLoaderUtils : Could not detect default configuration classes for test class [com.elx.service.WashMachineRepoTests]: WashMachineRepoTests does not declare any static, non-private, non-final, nested classes annotated with @Configuration.
2018-04-05 13:54:22.506  INFO 41104 --- [    Test worker] .b.t.c.SpringBootTestContextBootstrapper : Found @SpringBootConfiguration com.elx.service.Application for test class com.elx.service.WashMachineRepoTests
2018-04-05 13:54:22.508  INFO 41104 --- [    Test worker] .b.t.c.SpringBootTestContextBootstrapper : Loaded default TestExecutionListener class names from location [META-INF/spring.factories]: [org.springframework.boot.test.autoconfigure.restdocs.RestDocsTestExecutionListener, org.springframework.boot.test.autoconfigure.web.client.MockRestServiceServerResetTestExecutionListener, org.springframework.boot.test.autoconfigure.web.servlet.MockMvcPrintOnlyOnFailureTestExecutionListener, org.springframework.boot.test.autoconfigure.web.servlet.WebDriverTestExecutionListener, org.springframework.boot.test.mock.mockito.MockitoTestExecutionListener, org.springframework.boot.test.mock.mockito.ResetMocksTestExecutionListener, org.springframework.test.context.web.ServletTestExecutionListener, org.springframework.test.context.support.DirtiesContextBeforeModesTestExecutionListener, org.springframework.test.context.support.DependencyInjectionTestExecutionListener, org.springframework.test.context.support.DirtiesContextTestExecutionListener, org.springframework.test.context.transaction.TransactionalTestExecutionListener, org.springframework.test.context.jdbc.SqlScriptsTestExecutionListener]
2018-04-05 13:54:22.508  INFO 41104 --- [    Test worker] .b.t.c.SpringBootTestContextBootstrapper : Using TestExecutionListeners: [org.springframework.test.context.web.ServletTestExecutionListener@75cedfb7, org.springframework.test.context.support.DirtiesContextBeforeModesTestExecutionListener@40f03724, org.springframework.boot.test.mock.mockito.MockitoTestExecutionListener@150a615b, org.springframework.boot.test.autoconfigure.SpringBootDependencyInjectionTestExecutionListener@26f7ba2d, org.springframework.test.context.support.DirtiesContextTestExecutionListener@2547ea23, org.springframework.test.context.transaction.TransactionalTestExecutionListener@64cfa0b8, org.springframework.test.context.jdbc.SqlScriptsTestExecutionListener@228915c3, org.springframework.boot.test.autoconfigure.restdocs.RestDocsTestExecutionListener@3934e56d, org.springframework.boot.test.autoconfigure.web.client.MockRestServiceServerResetTestExecutionListener@23b8169a, org.springframework.boot.test.autoconfigure.web.servlet.MockMvcPrintOnlyOnFailureTestExecutionListener@3a6bb835, org.springframework.boot.test.autoconfigure.web.servlet.WebDriverTestExecutionListener@502695b6, org.springframework.boot.test.mock.mockito.ResetMocksTestExecutionListener@4e270d52]
]]></system-out>
  <system-err><![CDATA[]]></system-err>
</testsuite>
