<?xml version="1.0" encoding="UTF-8"?>
<testsuite name="com.elx.service.OvenControllerTests" tests="1" skipped="0" failures="0" errors="0" timestamp="2018-04-04T17:33:05" hostname="GDSpb1203.local" time="0.012">
  <properties/>
  <testcase name="ApplianceGetAllOvensStatusOkOrNotFound" classname="com.elx.service.OvenControllerTests" time="0.012"/>
  <system-out><![CDATA[2018-04-04 20:33:05.484  INFO 35597 --- [    Test worker] .b.t.c.SpringBootTestContextBootstrapper : Neither @ContextConfiguration nor @ContextHierarchy found for test class [com.elx.service.OvenControllerTests], using SpringBootContextLoader
2018-04-04 20:33:05.485  INFO 35597 --- [    Test worker] o.s.t.c.support.AbstractContextLoader    : Could not detect default resource locations for test class [com.elx.service.OvenControllerTests]: no resource found for suffixes {-context.xml, Context.groovy}.
2018-04-04 20:33:05.485  INFO 35597 --- [    Test worker] t.c.s.AnnotationConfigContextLoaderUtils : Could not detect default configuration classes for test class [com.elx.service.OvenControllerTests]: OvenControllerTests does not declare any static, non-private, non-final, nested classes annotated with @Configuration.
2018-04-04 20:33:05.488  INFO 35597 --- [    Test worker] .b.t.c.SpringBootTestContextBootstrapper : Found @SpringBootConfiguration com.elx.service.Application for test class com.elx.service.OvenControllerTests
2018-04-04 20:33:05.491  INFO 35597 --- [    Test worker] .b.t.c.SpringBootTestContextBootstrapper : Loaded default TestExecutionListener class names from location [META-INF/spring.factories]: [org.springframework.boot.test.autoconfigure.restdocs.RestDocsTestExecutionListener, org.springframework.boot.test.autoconfigure.web.client.MockRestServiceServerResetTestExecutionListener, org.springframework.boot.test.autoconfigure.web.servlet.MockMvcPrintOnlyOnFailureTestExecutionListener, org.springframework.boot.test.autoconfigure.web.servlet.WebDriverTestExecutionListener, org.springframework.boot.test.mock.mockito.MockitoTestExecutionListener, org.springframework.boot.test.mock.mockito.ResetMocksTestExecutionListener, org.springframework.test.context.web.ServletTestExecutionListener, org.springframework.test.context.support.DirtiesContextBeforeModesTestExecutionListener, org.springframework.test.context.support.DependencyInjectionTestExecutionListener, org.springframework.test.context.support.DirtiesContextTestExecutionListener, org.springframework.test.context.transaction.TransactionalTestExecutionListener, org.springframework.test.context.jdbc.SqlScriptsTestExecutionListener]
2018-04-04 20:33:05.492  INFO 35597 --- [    Test worker] .b.t.c.SpringBootTestContextBootstrapper : Using TestExecutionListeners: [org.springframework.test.context.web.ServletTestExecutionListener@4b973b95, org.springframework.test.context.support.DirtiesContextBeforeModesTestExecutionListener@91af0cd, org.springframework.boot.test.mock.mockito.MockitoTestExecutionListener@43bdcaaf, org.springframework.boot.test.autoconfigure.SpringBootDependencyInjectionTestExecutionListener@2f5cfa91, org.springframework.test.context.support.DirtiesContextTestExecutionListener@5d65377c, org.springframework.test.context.transaction.TransactionalTestExecutionListener@3272885, org.springframework.test.context.jdbc.SqlScriptsTestExecutionListener@2e6272fc, org.springframework.boot.test.autoconfigure.restdocs.RestDocsTestExecutionListener@66a29dd3, org.springframework.boot.test.autoconfigure.web.client.MockRestServiceServerResetTestExecutionListener@128888ac, org.springframework.boot.test.autoconfigure.web.servlet.MockMvcPrintOnlyOnFailureTestExecutionListener@28d1e978, org.springframework.boot.test.autoconfigure.web.servlet.WebDriverTestExecutionListener@15998b0c, org.springframework.boot.test.mock.mockito.ResetMocksTestExecutionListener@6727d069]
2018-04-04 20:33:05.496  INFO 35597 --- [    Test worker] com.elx.service.OvenController           : Get all available ovens

MockHttpServletRequest:
      HTTP Method = GET
      Request URI = /appliances/ovens
       Parameters = {}
          Headers = {}
             Body = null
    Session Attrs = {}

Handler:
             Type = com.elx.service.OvenController
           Method = public org.springframework.http.ResponseEntity<java.util.List<com.elx.service.Oven>> com.elx.service.OvenController.getAllOvens()

Async:
    Async started = false
     Async result = null

Resolved Exception:
             Type = null

ModelAndView:
        View name = null
             View = null
            Model = null

FlashMap:
       Attributes = null

MockHttpServletResponse:
           Status = 200
    Error message = null
          Headers = {Content-Type=[application/json;charset=UTF-8]}
     Content type = application/json;charset=UTF-8
             Body = [{"deviceId":1000,"type":"TEST OVEN","storageId":"5ac4a322c4cb586f6cc96a38","status":"TESTED"}]
    Forwarded URL = null
   Redirected URL = null
          Cookies = []
]]></system-out>
  <system-err><![CDATA[]]></system-err>
</testsuite>
