<?xml version="1.0" encoding="UTF-8"?>
<testsuite name="com.elx.service.WashMachineControllerTests" tests="1" skipped="0" failures="0" errors="0" timestamp="2018-04-05T09:21:43" hostname="GDSpb1203.local" time="0.01">
  <properties/>
  <testcase name="ApplianceGetAllWashMachinesStatusOkOrNotFound" classname="com.elx.service.WashMachineControllerTests" time="0.01"/>
  <system-out><![CDATA[2018-04-05 12:21:43.886  INFO 38981 --- [    Test worker] .b.t.c.SpringBootTestContextBootstrapper : Neither @ContextConfiguration nor @ContextHierarchy found for test class [com.elx.service.WashMachineControllerTests], using SpringBootContextLoader
2018-04-05 12:21:43.887  INFO 38981 --- [    Test worker] o.s.t.c.support.AbstractContextLoader    : Could not detect default resource locations for test class [com.elx.service.WashMachineControllerTests]: no resource found for suffixes {-context.xml, Context.groovy}.
2018-04-05 12:21:43.888  INFO 38981 --- [    Test worker] t.c.s.AnnotationConfigContextLoaderUtils : Could not detect default configuration classes for test class [com.elx.service.WashMachineControllerTests]: WashMachineControllerTests does not declare any static, non-private, non-final, nested classes annotated with @Configuration.
2018-04-05 12:21:43.891  INFO 38981 --- [    Test worker] .b.t.c.SpringBootTestContextBootstrapper : Found @SpringBootConfiguration com.elx.service.Application for test class com.elx.service.WashMachineControllerTests
2018-04-05 12:21:43.893  INFO 38981 --- [    Test worker] .b.t.c.SpringBootTestContextBootstrapper : Loaded default TestExecutionListener class names from location [META-INF/spring.factories]: [org.springframework.boot.test.autoconfigure.restdocs.RestDocsTestExecutionListener, org.springframework.boot.test.autoconfigure.web.client.MockRestServiceServerResetTestExecutionListener, org.springframework.boot.test.autoconfigure.web.servlet.MockMvcPrintOnlyOnFailureTestExecutionListener, org.springframework.boot.test.autoconfigure.web.servlet.WebDriverTestExecutionListener, org.springframework.boot.test.mock.mockito.MockitoTestExecutionListener, org.springframework.boot.test.mock.mockito.ResetMocksTestExecutionListener, org.springframework.test.context.web.ServletTestExecutionListener, org.springframework.test.context.support.DirtiesContextBeforeModesTestExecutionListener, org.springframework.test.context.support.DependencyInjectionTestExecutionListener, org.springframework.test.context.support.DirtiesContextTestExecutionListener, org.springframework.test.context.transaction.TransactionalTestExecutionListener, org.springframework.test.context.jdbc.SqlScriptsTestExecutionListener]
2018-04-05 12:21:43.893  INFO 38981 --- [    Test worker] .b.t.c.SpringBootTestContextBootstrapper : Using TestExecutionListeners: [org.springframework.test.context.web.ServletTestExecutionListener@4edd9f6e, org.springframework.test.context.support.DirtiesContextBeforeModesTestExecutionListener@3dc30fdb, org.springframework.boot.test.mock.mockito.MockitoTestExecutionListener@10937669, org.springframework.boot.test.autoconfigure.SpringBootDependencyInjectionTestExecutionListener@3933f60f, org.springframework.test.context.support.DirtiesContextTestExecutionListener@1b3728a8, org.springframework.test.context.transaction.TransactionalTestExecutionListener@3e2f51c2, org.springframework.test.context.jdbc.SqlScriptsTestExecutionListener@35844850, org.springframework.boot.test.autoconfigure.restdocs.RestDocsTestExecutionListener@13215361, org.springframework.boot.test.autoconfigure.web.client.MockRestServiceServerResetTestExecutionListener@31715bc5, org.springframework.boot.test.autoconfigure.web.servlet.MockMvcPrintOnlyOnFailureTestExecutionListener@7594ad68, org.springframework.boot.test.autoconfigure.web.servlet.WebDriverTestExecutionListener@62c5bd42, org.springframework.boot.test.mock.mockito.ResetMocksTestExecutionListener@7be65020]
2018-04-05 12:21:43.897  INFO 38981 --- [    Test worker] com.elx.service.OvenController           : Get all available wash machines

MockHttpServletRequest:
      HTTP Method = GET
      Request URI = /appliances/washmachines
       Parameters = {}
          Headers = {}
             Body = null
    Session Attrs = {}

Handler:
             Type = com.elx.service.WashMachineController
           Method = public org.springframework.http.ResponseEntity<java.util.List<com.elx.service.WashMachine>> com.elx.service.WashMachineController.getAllWashMachines()

Async:
    Async started = false
     Async result = null

Resolved Exception:
             Type = null

ModelAndView:
        View name = null
             View = null
            Model = null

FlashMap:
       Attributes = null

MockHttpServletResponse:
           Status = 404
    Error message = null
          Headers = {}
     Content type = null
             Body = 
    Forwarded URL = null
   Redirected URL = null
          Cookies = []
]]></system-out>
  <system-err><![CDATA[]]></system-err>
</testsuite>
