<?xml version="1.0" encoding="UTF-8"?>
<testsuite name="com.elx.service.OvenControllerTests" tests="2" skipped="0" failures="0" errors="0" timestamp="2018-04-05T09:21:43" hostname="GDSpb1203.local" time="0.05">
  <properties/>
  <testcase name="ApplianceGetOvenByIdStatusOkOrNotFound" classname="com.elx.service.OvenControllerTests" time="0.037"/>
  <testcase name="ApplianceGetAllOvensStatusOkOrNotFound" classname="com.elx.service.OvenControllerTests" time="0.012"/>
  <system-out><![CDATA[2018-04-05 12:21:43.906  INFO 38981 --- [    Test worker] .b.t.c.SpringBootTestContextBootstrapper : Neither @ContextConfiguration nor @ContextHierarchy found for test class [com.elx.service.OvenControllerTests], using SpringBootContextLoader
2018-04-05 12:21:43.907  INFO 38981 --- [    Test worker] o.s.t.c.support.AbstractContextLoader    : Could not detect default resource locations for test class [com.elx.service.OvenControllerTests]: no resource found for suffixes {-context.xml, Context.groovy}.
2018-04-05 12:21:43.907  INFO 38981 --- [    Test worker] t.c.s.AnnotationConfigContextLoaderUtils : Could not detect default configuration classes for test class [com.elx.service.OvenControllerTests]: OvenControllerTests does not declare any static, non-private, non-final, nested classes annotated with @Configuration.
2018-04-05 12:21:43.910  INFO 38981 --- [    Test worker] .b.t.c.SpringBootTestContextBootstrapper : Found @SpringBootConfiguration com.elx.service.Application for test class com.elx.service.OvenControllerTests
2018-04-05 12:21:43.911  INFO 38981 --- [    Test worker] .b.t.c.SpringBootTestContextBootstrapper : Loaded default TestExecutionListener class names from location [META-INF/spring.factories]: [org.springframework.boot.test.autoconfigure.restdocs.RestDocsTestExecutionListener, org.springframework.boot.test.autoconfigure.web.client.MockRestServiceServerResetTestExecutionListener, org.springframework.boot.test.autoconfigure.web.servlet.MockMvcPrintOnlyOnFailureTestExecutionListener, org.springframework.boot.test.autoconfigure.web.servlet.WebDriverTestExecutionListener, org.springframework.boot.test.mock.mockito.MockitoTestExecutionListener, org.springframework.boot.test.mock.mockito.ResetMocksTestExecutionListener, org.springframework.test.context.web.ServletTestExecutionListener, org.springframework.test.context.support.DirtiesContextBeforeModesTestExecutionListener, org.springframework.test.context.support.DependencyInjectionTestExecutionListener, org.springframework.test.context.support.DirtiesContextTestExecutionListener, org.springframework.test.context.transaction.TransactionalTestExecutionListener, org.springframework.test.context.jdbc.SqlScriptsTestExecutionListener]
2018-04-05 12:21:43.911  INFO 38981 --- [    Test worker] .b.t.c.SpringBootTestContextBootstrapper : Using TestExecutionListeners: [org.springframework.test.context.web.ServletTestExecutionListener@42aa09f9, org.springframework.test.context.support.DirtiesContextBeforeModesTestExecutionListener@3ec0865c, org.springframework.boot.test.mock.mockito.MockitoTestExecutionListener@906d1b0, org.springframework.boot.test.autoconfigure.SpringBootDependencyInjectionTestExecutionListener@6b25e37, org.springframework.test.context.support.DirtiesContextTestExecutionListener@14456ad9, org.springframework.test.context.transaction.TransactionalTestExecutionListener@2e8dec6b, org.springframework.test.context.jdbc.SqlScriptsTestExecutionListener@1139235b, org.springframework.boot.test.autoconfigure.restdocs.RestDocsTestExecutionListener@56e94ad, org.springframework.boot.test.autoconfigure.web.client.MockRestServiceServerResetTestExecutionListener@3ac2357b, org.springframework.boot.test.autoconfigure.web.servlet.MockMvcPrintOnlyOnFailureTestExecutionListener@7bed68fc, org.springframework.boot.test.autoconfigure.web.servlet.WebDriverTestExecutionListener@2396af21, org.springframework.boot.test.mock.mockito.ResetMocksTestExecutionListener@52ac8c02]
2018-04-05 12:21:43.923  INFO 38981 --- [    Test worker] com.elx.service.OvenController           : Get an oven by id 1

MockHttpServletRequest:
      HTTP Method = GET
      Request URI = /appliances/ovens/1
       Parameters = {}
          Headers = {}
             Body = null
    Session Attrs = {}

Handler:
             Type = com.elx.service.OvenController
           Method = public org.springframework.http.ResponseEntity<com.elx.service.Oven> com.elx.service.OvenController.getOvenById(long)

Async:
    Async started = false
     Async result = null

Resolved Exception:
             Type = null

ModelAndView:
        View name = null
             View = null
            Model = null

FlashMap:
       Attributes = null

MockHttpServletResponse:
           Status = 404
    Error message = null
          Headers = {}
     Content type = null
             Body = 
    Forwarded URL = null
   Redirected URL = null
          Cookies = []
2018-04-05 12:21:43.953  INFO 38981 --- [    Test worker] com.elx.service.OvenController           : Get all available ovens

MockHttpServletRequest:
      HTTP Method = GET
      Request URI = /appliances/ovens
       Parameters = {}
          Headers = {}
             Body = null
    Session Attrs = {}

Handler:
             Type = com.elx.service.OvenController
           Method = public org.springframework.http.ResponseEntity<java.util.List<com.elx.service.Oven>> com.elx.service.OvenController.getAllOvens()

Async:
    Async started = false
     Async result = null

Resolved Exception:
             Type = null

ModelAndView:
        View name = null
             View = null
            Model = null

FlashMap:
       Attributes = null

MockHttpServletResponse:
           Status = 200
    Error message = null
          Headers = {Content-Type=[application/json;charset=UTF-8]}
     Content type = application/json;charset=UTF-8
             Body = [{"deviceId":1000,"type":"TEST OVEN","storageId":"5ac4a322c4cb586f6cc96a38","status":"TESTED"}]
    Forwarded URL = null
   Redirected URL = null
          Cookies = []
]]></system-out>
  <system-err><![CDATA[]]></system-err>
</testsuite>
