<?xml version="1.0" encoding="UTF-8"?>
<testsuite name="com.elx.service.WashMachineControllerTests" tests="5" skipped="0" failures="0" errors="0" timestamp="2018-04-05T10:54:06" hostname="GDSpb1203.local" time="0.13">
  <properties/>
  <testcase name="GetAllWashMachinesStatusOkOrNotFound" classname="com.elx.service.WashMachineControllerTests" time="0.009"/>
  <testcase name="GetWashMachineByIdStatusOkOrNotFound" classname="com.elx.service.WashMachineControllerTests" time="0.035"/>
  <testcase name="CreateNewWashMachineStatusCreatedOrConflict" classname="com.elx.service.WashMachineControllerTests" time="0.057"/>
  <testcase name="ChangeWashMachineStatusOkOrNotFound" classname="com.elx.service.WashMachineControllerTests" time="0.013"/>
  <testcase name="DeleteWashMachineStatusOkOrNotFound" classname="com.elx.service.WashMachineControllerTests" time="0.012"/>
  <system-out><![CDATA[2018-04-05 13:54:06.555  INFO 41104 --- [    Test worker] .b.t.c.SpringBootTestContextBootstrapper : Neither @ContextConfiguration nor @ContextHierarchy found for test class [com.elx.service.WashMachineControllerTests], using SpringBootContextLoader
2018-04-05 13:54:06.556  INFO 41104 --- [    Test worker] o.s.t.c.support.AbstractContextLoader    : Could not detect default resource locations for test class [com.elx.service.WashMachineControllerTests]: no resource found for suffixes {-context.xml, Context.groovy}.
2018-04-05 13:54:06.556  INFO 41104 --- [    Test worker] t.c.s.AnnotationConfigContextLoaderUtils : Could not detect default configuration classes for test class [com.elx.service.WashMachineControllerTests]: WashMachineControllerTests does not declare any static, non-private, non-final, nested classes annotated with @Configuration.
2018-04-05 13:54:06.559  INFO 41104 --- [    Test worker] .b.t.c.SpringBootTestContextBootstrapper : Found @SpringBootConfiguration com.elx.service.Application for test class com.elx.service.WashMachineControllerTests
2018-04-05 13:54:06.561  INFO 41104 --- [    Test worker] .b.t.c.SpringBootTestContextBootstrapper : Loaded default TestExecutionListener class names from location [META-INF/spring.factories]: [org.springframework.boot.test.autoconfigure.restdocs.RestDocsTestExecutionListener, org.springframework.boot.test.autoconfigure.web.client.MockRestServiceServerResetTestExecutionListener, org.springframework.boot.test.autoconfigure.web.servlet.MockMvcPrintOnlyOnFailureTestExecutionListener, org.springframework.boot.test.autoconfigure.web.servlet.WebDriverTestExecutionListener, org.springframework.boot.test.mock.mockito.MockitoTestExecutionListener, org.springframework.boot.test.mock.mockito.ResetMocksTestExecutionListener, org.springframework.test.context.web.ServletTestExecutionListener, org.springframework.test.context.support.DirtiesContextBeforeModesTestExecutionListener, org.springframework.test.context.support.DependencyInjectionTestExecutionListener, org.springframework.test.context.support.DirtiesContextTestExecutionListener, org.springframework.test.context.transaction.TransactionalTestExecutionListener, org.springframework.test.context.jdbc.SqlScriptsTestExecutionListener]
2018-04-05 13:54:06.561  INFO 41104 --- [    Test worker] .b.t.c.SpringBootTestContextBootstrapper : Using TestExecutionListeners: [org.springframework.test.context.web.ServletTestExecutionListener@6d547558, org.springframework.test.context.support.DirtiesContextBeforeModesTestExecutionListener@75060d29, org.springframework.boot.test.mock.mockito.MockitoTestExecutionListener@6c01f933, org.springframework.boot.test.autoconfigure.SpringBootDependencyInjectionTestExecutionListener@3fc76d6c, org.springframework.test.context.support.DirtiesContextTestExecutionListener@71772179, org.springframework.test.context.transaction.TransactionalTestExecutionListener@345d053b, org.springframework.test.context.jdbc.SqlScriptsTestExecutionListener@57f6aae2, org.springframework.boot.test.autoconfigure.restdocs.RestDocsTestExecutionListener@535e017d, org.springframework.boot.test.autoconfigure.web.client.MockRestServiceServerResetTestExecutionListener@1bea9e86, org.springframework.boot.test.autoconfigure.web.servlet.MockMvcPrintOnlyOnFailureTestExecutionListener@4742241d, org.springframework.boot.test.autoconfigure.web.servlet.WebDriverTestExecutionListener@250137ad, org.springframework.boot.test.mock.mockito.ResetMocksTestExecutionListener@6f79f99]
2018-04-05 13:54:06.566  INFO 41104 --- [    Test worker] com.elx.service.OvenController           : Get all available wash machines

MockHttpServletRequest:
      HTTP Method = GET
      Request URI = /appliances/washmachines
       Parameters = {}
          Headers = {}
             Body = null
    Session Attrs = {}

Handler:
             Type = com.elx.service.WashMachineController
           Method = public org.springframework.http.ResponseEntity<java.util.List<com.elx.service.WashMachine>> com.elx.service.WashMachineController.getAllWashMachines()

Async:
    Async started = false
     Async result = null

Resolved Exception:
             Type = null

ModelAndView:
        View name = null
             View = null
            Model = null

FlashMap:
       Attributes = null

MockHttpServletResponse:
           Status = 200
    Error message = null
          Headers = {Content-Type=[application/json;charset=UTF-8]}
     Content type = application/json;charset=UTF-8
             Body = [{"deviceId":-1,"type":"WASH MACHINE","storageId":"5ac5f777c4cb589d6f41a9ae","status":"UNKNOWN"}]
    Forwarded URL = null
   Redirected URL = null
          Cookies = []
2018-04-05 13:54:06.585  INFO 41104 --- [    Test worker] com.elx.service.OvenController           : Get a wash machine by id 1

MockHttpServletRequest:
      HTTP Method = GET
      Request URI = /appliances/washmachines/1
       Parameters = {}
          Headers = {}
             Body = null
    Session Attrs = {}

Handler:
             Type = com.elx.service.WashMachineController
           Method = public org.springframework.http.ResponseEntity<com.elx.service.WashMachine> com.elx.service.WashMachineController.getWashMachineById(long)

Async:
    Async started = false
     Async result = null

Resolved Exception:
             Type = null

ModelAndView:
        View name = null
             View = null
            Model = null

FlashMap:
       Attributes = null

MockHttpServletResponse:
           Status = 404
    Error message = null
          Headers = {}
     Content type = null
             Body = 
    Forwarded URL = null
   Redirected URL = null
          Cookies = []
2018-04-05 13:54:06.659  INFO 41104 --- [    Test worker] com.elx.service.OvenController           : Add new wash machine com.elx.service.WashMachine@15244603
2018-04-05 13:54:06.661  INFO 41104 --- [    Test worker] com.elx.service.OvenController           : Device with given ID already exits

MockHttpServletRequest:
      HTTP Method = POST
      Request URI = /appliances/washmachines
       Parameters = {}
          Headers = {Content-Type=[application/json;charset=UTF-8]}
             Body = {"deviceId":-1,"type":"WASH MACHINE","storageId":null,"status":"UNKNOWN"}
    Session Attrs = {}

Handler:
             Type = com.elx.service.WashMachineController
           Method = public org.springframework.http.ResponseEntity<?> com.elx.service.WashMachineController.addNewWashMachine(com.elx.service.WashMachine,org.springframework.web.util.UriComponentsBuilder)

Async:
    Async started = false
     Async result = null

Resolved Exception:
             Type = null

ModelAndView:
        View name = null
             View = null
            Model = null

FlashMap:
       Attributes = null

MockHttpServletResponse:
           Status = 409
    Error message = null
          Headers = {Content-Type=[text/plain;charset=UTF-8], Content-Length=[14]}
     Content type = text/plain;charset=UTF-8
             Body = ALREADY EXISTS
    Forwarded URL = null
   Redirected URL = null
          Cookies = []
2018-04-05 13:54:06.672  INFO 41104 --- [    Test worker] com.elx.service.OvenController           : Change status for the wash machine 1

MockHttpServletRequest:
      HTTP Method = PUT
      Request URI = /appliances/washmachines/1
       Parameters = {}
          Headers = {Content-Type=[application/json;charset=UTF-8]}
             Body = {"deviceId":-1,"type":"WASH MACHINE","storageId":null,"status":"UNKNOWN"}
    Session Attrs = {}

Handler:
             Type = com.elx.service.WashMachineController
           Method = public org.springframework.http.ResponseEntity<com.elx.service.WashMachine> com.elx.service.WashMachineController.cahngeWashMachineState(long,com.elx.service.WashMachine)

Async:
    Async started = false
     Async result = null

Resolved Exception:
             Type = null

ModelAndView:
        View name = null
             View = null
            Model = null

FlashMap:
       Attributes = null

MockHttpServletResponse:
           Status = 404
    Error message = null
          Headers = {}
     Content type = null
             Body = 
    Forwarded URL = null
   Redirected URL = null
          Cookies = []
2018-04-05 13:54:06.686  INFO 41104 --- [    Test worker] com.elx.service.OvenController           : Delete the wash machine 1

MockHttpServletRequest:
      HTTP Method = DELETE
      Request URI = /appliances/washmachines/1
       Parameters = {}
          Headers = {}
             Body = null
    Session Attrs = {}

Handler:
             Type = com.elx.service.WashMachineController
           Method = public org.springframework.http.ResponseEntity<?> com.elx.service.WashMachineController.deleteWashMachineById(long)

Async:
    Async started = false
     Async result = null

Resolved Exception:
             Type = null

ModelAndView:
        View name = null
             View = null
            Model = null

FlashMap:
       Attributes = null

MockHttpServletResponse:
           Status = 404
    Error message = null
          Headers = {}
     Content type = null
             Body = 
    Forwarded URL = null
   Redirected URL = null
          Cookies = []
]]></system-out>
  <system-err><![CDATA[]]></system-err>
</testsuite>
