<?xml version="1.0" encoding="UTF-8"?>
<testsuite name="com.elx.service.OvenRepoTests" tests="1" skipped="0" failures="0" errors="0" timestamp="2018-04-05T10:54:22" hostname="GDSpb1203.local" time="0.087">
  <properties/>
  <testcase name="findsByDeviceId" classname="com.elx.service.OvenRepoTests" time="0.087"/>
  <system-out><![CDATA[2018-04-05 13:54:06.697  INFO 41104 --- [    Test worker] .b.t.c.SpringBootTestContextBootstrapper : Neither @ContextConfiguration nor @ContextHierarchy found for test class [com.elx.service.OvenRepoTests], using SpringBootContextLoader
2018-04-05 13:54:06.698  INFO 41104 --- [    Test worker] o.s.t.c.support.AbstractContextLoader    : Could not detect default resource locations for test class [com.elx.service.OvenRepoTests]: no resource found for suffixes {-context.xml, Context.groovy}.
2018-04-05 13:54:06.698  INFO 41104 --- [    Test worker] t.c.s.AnnotationConfigContextLoaderUtils : Could not detect default configuration classes for test class [com.elx.service.OvenRepoTests]: OvenRepoTests does not declare any static, non-private, non-final, nested classes annotated with @Configuration.
2018-04-05 13:54:06.699  INFO 41104 --- [    Test worker] .b.t.c.SpringBootTestContextBootstrapper : Found @SpringBootConfiguration com.elx.service.Application for test class com.elx.service.OvenRepoTests
2018-04-05 13:54:06.700  INFO 41104 --- [    Test worker] .b.t.c.SpringBootTestContextBootstrapper : Loaded default TestExecutionListener class names from location [META-INF/spring.factories]: [org.springframework.boot.test.autoconfigure.restdocs.RestDocsTestExecutionListener, org.springframework.boot.test.autoconfigure.web.client.MockRestServiceServerResetTestExecutionListener, org.springframework.boot.test.autoconfigure.web.servlet.MockMvcPrintOnlyOnFailureTestExecutionListener, org.springframework.boot.test.autoconfigure.web.servlet.WebDriverTestExecutionListener, org.springframework.boot.test.mock.mockito.MockitoTestExecutionListener, org.springframework.boot.test.mock.mockito.ResetMocksTestExecutionListener, org.springframework.test.context.web.ServletTestExecutionListener, org.springframework.test.context.support.DirtiesContextBeforeModesTestExecutionListener, org.springframework.test.context.support.DependencyInjectionTestExecutionListener, org.springframework.test.context.support.DirtiesContextTestExecutionListener, org.springframework.test.context.transaction.TransactionalTestExecutionListener, org.springframework.test.context.jdbc.SqlScriptsTestExecutionListener]
2018-04-05 13:54:06.701  INFO 41104 --- [    Test worker] .b.t.c.SpringBootTestContextBootstrapper : Using TestExecutionListeners: [org.springframework.test.context.web.ServletTestExecutionListener@4302a0b5, org.springframework.test.context.support.DirtiesContextBeforeModesTestExecutionListener@3bb12bd3, org.springframework.boot.test.mock.mockito.MockitoTestExecutionListener@6e6fc373, org.springframework.boot.test.autoconfigure.SpringBootDependencyInjectionTestExecutionListener@5f8c94dc, org.springframework.test.context.support.DirtiesContextTestExecutionListener@9dd8090, org.springframework.test.context.transaction.TransactionalTestExecutionListener@3b80cdcb, org.springframework.test.context.jdbc.SqlScriptsTestExecutionListener@2b64e593, org.springframework.boot.test.autoconfigure.restdocs.RestDocsTestExecutionListener@10f5ae57, org.springframework.boot.test.autoconfigure.web.client.MockRestServiceServerResetTestExecutionListener@754975d9, org.springframework.boot.test.autoconfigure.web.servlet.MockMvcPrintOnlyOnFailureTestExecutionListener@489a002e, org.springframework.boot.test.autoconfigure.web.servlet.WebDriverTestExecutionListener@445e3cd3, org.springframework.boot.test.mock.mockito.ResetMocksTestExecutionListener@7964b519]

  .   ____          _            __ _ _
 /\\ / ___'_ __ _ _(_)_ __  __ _ \ \ \ \
( ( )\___ | '_ | '_| | '_ \/ _` | \ \ \ \
 \\/  ___)| |_)| | | | | || (_| |  ) ) ) )
  '  |____| .__|_| |_|_| |_\__, | / / / /
 =========|_|==============|___/=/_/_/_/
 :: Spring Boot ::        (v2.0.0.RELEASE)

2018-04-05 13:54:21.727  INFO 41104 --- [    Test worker] com.elx.service.OvenRepoTests            : Starting OvenRepoTests on GDSpb1203.local with PID 41104 (started by akiselyev in /Users/akiselyev/Documents/GitHub/tests/elx)
2018-04-05 13:54:21.728  INFO 41104 --- [    Test worker] com.elx.service.OvenRepoTests            : No active profile set, falling back to default profiles: default
2018-04-05 13:54:21.731  INFO 41104 --- [    Test worker] o.s.w.c.s.GenericWebApplicationContext   : Refreshing org.springframework.web.context.support.GenericWebApplicationContext@291f0b5d: startup date [Thu Apr 05 13:54:21 MSK 2018]; root of context hierarchy
2018-04-05 13:54:21.941  INFO 41104 --- [    Test worker] org.mongodb.driver.cluster               : Cluster created with settings {hosts=[localhost:27017], mode=SINGLE, requiredClusterType=UNKNOWN, serverSelectionTimeout='30000 ms', maxWaitQueueSize=500}
2018-04-05 13:54:21.955  INFO 41104 --- [localhost:27017] org.mongodb.driver.connection            : Opened connection [connectionId{localValue:3, serverValue:101}] to localhost:27017
2018-04-05 13:54:21.956  INFO 41104 --- [localhost:27017] org.mongodb.driver.cluster               : Monitor thread successfully connected to server with description ServerDescription{address=localhost:27017, type=STANDALONE, state=CONNECTED, ok=true, version=ServerVersion{versionList=[3, 6, 3]}, minWireVersion=0, maxWireVersion=6, maxDocumentSize=16777216, logicalSessionTimeoutMinutes=30, roundTripTimeNanos=1208234}
2018-04-05 13:54:22.157  INFO 41104 --- [    Test worker] s.w.s.m.m.a.RequestMappingHandlerAdapter : Looking for @ControllerAdvice: org.springframework.web.context.support.GenericWebApplicationContext@291f0b5d: startup date [Thu Apr 05 13:54:21 MSK 2018]; root of context hierarchy
2018-04-05 13:54:22.169  INFO 41104 --- [    Test worker] s.w.s.m.m.a.RequestMappingHandlerMapping : Mapped "{[/appliances]}" onto public org.springframework.http.ResponseEntity<java.util.List<com.elx.service.Appliance>> com.elx.service.AppliancesController.getAllDevices()
2018-04-05 13:54:22.173  INFO 41104 --- [    Test worker] s.w.s.m.m.a.RequestMappingHandlerMapping : Mapped "{[/appliances/ovens],methods=[GET]}" onto public org.springframework.http.ResponseEntity<java.util.List<com.elx.service.Oven>> com.elx.service.OvenController.getAllOvens()
2018-04-05 13:54:22.173  INFO 41104 --- [    Test worker] s.w.s.m.m.a.RequestMappingHandlerMapping : Mapped "{[/appliances/ovens/{id}],methods=[GET]}" onto public org.springframework.http.ResponseEntity<com.elx.service.Oven> com.elx.service.OvenController.getOvenById(long)
2018-04-05 13:54:22.174  INFO 41104 --- [    Test worker] s.w.s.m.m.a.RequestMappingHandlerMapping : Mapped "{[/appliances/ovens],methods=[POST]}" onto public org.springframework.http.ResponseEntity<?> com.elx.service.OvenController.addNewOven(com.elx.service.Oven,org.springframework.web.util.UriComponentsBuilder)
2018-04-05 13:54:22.175  INFO 41104 --- [    Test worker] s.w.s.m.m.a.RequestMappingHandlerMapping : Mapped "{[/appliances/ovens/{id}],methods=[PUT]}" onto public org.springframework.http.ResponseEntity<com.elx.service.Oven> com.elx.service.OvenController.cahngeOvenState(long,com.elx.service.Oven)
2018-04-05 13:54:22.175  INFO 41104 --- [    Test worker] s.w.s.m.m.a.RequestMappingHandlerMapping : Mapped "{[/appliances/ovens/{id}],methods=[DELETE]}" onto public org.springframework.http.ResponseEntity<?> com.elx.service.OvenController.deleteOvenById(long)
2018-04-05 13:54:22.176  INFO 41104 --- [    Test worker] s.w.s.m.m.a.RequestMappingHandlerMapping : Mapped "{[/appliances/washmachines/{id}],methods=[GET]}" onto public org.springframework.http.ResponseEntity<com.elx.service.WashMachine> com.elx.service.WashMachineController.getWashMachineById(long)
2018-04-05 13:54:22.178  INFO 41104 --- [    Test worker] s.w.s.m.m.a.RequestMappingHandlerMapping : Mapped "{[/appliances/washmachines],methods=[GET]}" onto public org.springframework.http.ResponseEntity<java.util.List<com.elx.service.WashMachine>> com.elx.service.WashMachineController.getAllWashMachines()
2018-04-05 13:54:22.179  INFO 41104 --- [    Test worker] s.w.s.m.m.a.RequestMappingHandlerMapping : Mapped "{[/appliances/washmachines],methods=[POST]}" onto public org.springframework.http.ResponseEntity<?> com.elx.service.WashMachineController.addNewWashMachine(com.elx.service.WashMachine,org.springframework.web.util.UriComponentsBuilder)
2018-04-05 13:54:22.180  INFO 41104 --- [    Test worker] s.w.s.m.m.a.RequestMappingHandlerMapping : Mapped "{[/appliances/washmachines/{id}],methods=[PUT]}" onto public org.springframework.http.ResponseEntity<com.elx.service.WashMachine> com.elx.service.WashMachineController.cahngeWashMachineState(long,com.elx.service.WashMachine)
2018-04-05 13:54:22.182  INFO 41104 --- [    Test worker] s.w.s.m.m.a.RequestMappingHandlerMapping : Mapped "{[/appliances/washmachines/{id}],methods=[DELETE]}" onto public org.springframework.http.ResponseEntity<?> com.elx.service.WashMachineController.deleteWashMachineById(long)
2018-04-05 13:54:22.186  INFO 41104 --- [    Test worker] s.w.s.m.m.a.RequestMappingHandlerMapping : Mapped "{[/error]}" onto public org.springframework.http.ResponseEntity<java.util.Map<java.lang.String, java.lang.Object>> org.springframework.boot.autoconfigure.web.servlet.error.BasicErrorController.error(javax.servlet.http.HttpServletRequest)
2018-04-05 13:54:22.187  INFO 41104 --- [    Test worker] s.w.s.m.m.a.RequestMappingHandlerMapping : Mapped "{[/error],produces=[text/html]}" onto public org.springframework.web.servlet.ModelAndView org.springframework.boot.autoconfigure.web.servlet.error.BasicErrorController.errorHtml(javax.servlet.http.HttpServletRequest,javax.servlet.http.HttpServletResponse)
2018-04-05 13:54:22.212  INFO 41104 --- [    Test worker] o.s.w.s.handler.SimpleUrlHandlerMapping  : Mapped URL path [/webjars/**] onto handler of type [class org.springframework.web.servlet.resource.ResourceHttpRequestHandler]
2018-04-05 13:54:22.212  INFO 41104 --- [    Test worker] o.s.w.s.handler.SimpleUrlHandlerMapping  : Mapped URL path [/**] onto handler of type [class org.springframework.web.servlet.resource.ResourceHttpRequestHandler]
2018-04-05 13:54:22.250  INFO 41104 --- [    Test worker] o.s.w.s.handler.SimpleUrlHandlerMapping  : Mapped URL path [/**/favicon.ico] onto handler of type [class org.springframework.web.servlet.resource.ResourceHttpRequestHandler]
2018-04-05 13:54:22.409  INFO 41104 --- [    Test worker] com.elx.service.OvenRepoTests            : Started OvenRepoTests in 15.706 seconds (JVM running for 39.353)
2018-04-05 13:54:22.424  INFO 41104 --- [    Test worker] org.mongodb.driver.connection            : Opened connection [connectionId{localValue:4, serverValue:102}] to localhost:27017
]]></system-out>
  <system-err><![CDATA[]]></system-err>
</testsuite>
