<?xml version="1.0" encoding="UTF-8"?>
<testsuite name="com.elx.service.WashMachineControllerTests" tests="1" skipped="0" failures="0" errors="0" timestamp="2018-04-04T17:33:05" hostname="GDSpb1203.local" time="0.01">
  <properties/>
  <testcase name="ApplianceGetAllWashMachinesStatusOkOrNotFound" classname="com.elx.service.WashMachineControllerTests" time="0.01"/>
  <system-out><![CDATA[2018-04-04 20:33:05.462  INFO 35597 --- [    Test worker] .b.t.c.SpringBootTestContextBootstrapper : Neither @ContextConfiguration nor @ContextHierarchy found for test class [com.elx.service.WashMachineControllerTests], using SpringBootContextLoader
2018-04-04 20:33:05.463  INFO 35597 --- [    Test worker] o.s.t.c.support.AbstractContextLoader    : Could not detect default resource locations for test class [com.elx.service.WashMachineControllerTests]: no resource found for suffixes {-context.xml, Context.groovy}.
2018-04-04 20:33:05.464  INFO 35597 --- [    Test worker] t.c.s.AnnotationConfigContextLoaderUtils : Could not detect default configuration classes for test class [com.elx.service.WashMachineControllerTests]: WashMachineControllerTests does not declare any static, non-private, non-final, nested classes annotated with @Configuration.
2018-04-04 20:33:05.468  INFO 35597 --- [    Test worker] .b.t.c.SpringBootTestContextBootstrapper : Found @SpringBootConfiguration com.elx.service.Application for test class com.elx.service.WashMachineControllerTests
2018-04-04 20:33:05.469  INFO 35597 --- [    Test worker] .b.t.c.SpringBootTestContextBootstrapper : Loaded default TestExecutionListener class names from location [META-INF/spring.factories]: [org.springframework.boot.test.autoconfigure.restdocs.RestDocsTestExecutionListener, org.springframework.boot.test.autoconfigure.web.client.MockRestServiceServerResetTestExecutionListener, org.springframework.boot.test.autoconfigure.web.servlet.MockMvcPrintOnlyOnFailureTestExecutionListener, org.springframework.boot.test.autoconfigure.web.servlet.WebDriverTestExecutionListener, org.springframework.boot.test.mock.mockito.MockitoTestExecutionListener, org.springframework.boot.test.mock.mockito.ResetMocksTestExecutionListener, org.springframework.test.context.web.ServletTestExecutionListener, org.springframework.test.context.support.DirtiesContextBeforeModesTestExecutionListener, org.springframework.test.context.support.DependencyInjectionTestExecutionListener, org.springframework.test.context.support.DirtiesContextTestExecutionListener, org.springframework.test.context.transaction.TransactionalTestExecutionListener, org.springframework.test.context.jdbc.SqlScriptsTestExecutionListener]
2018-04-04 20:33:05.470  INFO 35597 --- [    Test worker] .b.t.c.SpringBootTestContextBootstrapper : Using TestExecutionListeners: [org.springframework.test.context.web.ServletTestExecutionListener@193d9918, org.springframework.test.context.support.DirtiesContextBeforeModesTestExecutionListener@3cf924f4, org.springframework.boot.test.mock.mockito.MockitoTestExecutionListener@3fd62943, org.springframework.boot.test.autoconfigure.SpringBootDependencyInjectionTestExecutionListener@55a53617, org.springframework.test.context.support.DirtiesContextTestExecutionListener@202590e2, org.springframework.test.context.transaction.TransactionalTestExecutionListener@550ece96, org.springframework.test.context.jdbc.SqlScriptsTestExecutionListener@5b1c7945, org.springframework.boot.test.autoconfigure.restdocs.RestDocsTestExecutionListener@2775e9bf, org.springframework.boot.test.autoconfigure.web.client.MockRestServiceServerResetTestExecutionListener@2bdbcf33, org.springframework.boot.test.autoconfigure.web.servlet.MockMvcPrintOnlyOnFailureTestExecutionListener@802cea0, org.springframework.boot.test.autoconfigure.web.servlet.WebDriverTestExecutionListener@306c58b4, org.springframework.boot.test.mock.mockito.ResetMocksTestExecutionListener@38dc7717]
2018-04-04 20:33:05.474  INFO 35597 --- [    Test worker] com.elx.service.OvenController           : Get all available wash machines

MockHttpServletRequest:
      HTTP Method = GET
      Request URI = /appliances/washmachines
       Parameters = {}
          Headers = {}
             Body = null
    Session Attrs = {}

Handler:
             Type = com.elx.service.WashMachineController
           Method = public org.springframework.http.ResponseEntity<java.util.List<com.elx.service.WashMachine>> com.elx.service.WashMachineController.getAllWashMachines()

Async:
    Async started = false
     Async result = null

Resolved Exception:
             Type = null

ModelAndView:
        View name = null
             View = null
            Model = null

FlashMap:
       Attributes = null

MockHttpServletResponse:
           Status = 404
    Error message = null
          Headers = {}
     Content type = null
             Body = 
    Forwarded URL = null
   Redirected URL = null
          Cookies = []
]]></system-out>
  <system-err><![CDATA[]]></system-err>
</testsuite>
