<?xml version="1.0" encoding="UTF-8"?>
<testsuite name="com.elx.service.OvenControllerTests" tests="1" skipped="0" failures="0" errors="0" timestamp="2018-04-03T17:55:29" hostname="GDSpb1203.local" time="0.012">
  <properties/>
  <testcase name="OvenGetAllShouldHaveSuccessStatus" classname="com.elx.service.OvenControllerTests" time="0.012"/>
  <system-out><![CDATA[2018-04-03 20:55:29.573  INFO 25172 --- [    Test worker] .b.t.c.SpringBootTestContextBootstrapper : Neither @ContextConfiguration nor @ContextHierarchy found for test class [com.elx.service.OvenControllerTests], using SpringBootContextLoader
2018-04-03 20:55:29.574  INFO 25172 --- [    Test worker] o.s.t.c.support.AbstractContextLoader    : Could not detect default resource locations for test class [com.elx.service.OvenControllerTests]: no resource found for suffixes {-context.xml, Context.groovy}.
2018-04-03 20:55:29.574  INFO 25172 --- [    Test worker] t.c.s.AnnotationConfigContextLoaderUtils : Could not detect default configuration classes for test class [com.elx.service.OvenControllerTests]: OvenControllerTests does not declare any static, non-private, non-final, nested classes annotated with @Configuration.
2018-04-03 20:55:29.577  INFO 25172 --- [    Test worker] .b.t.c.SpringBootTestContextBootstrapper : Found @SpringBootConfiguration com.elx.service.Application for test class com.elx.service.OvenControllerTests
2018-04-03 20:55:29.579  INFO 25172 --- [    Test worker] .b.t.c.SpringBootTestContextBootstrapper : Loaded default TestExecutionListener class names from location [META-INF/spring.factories]: [org.springframework.boot.test.autoconfigure.restdocs.RestDocsTestExecutionListener, org.springframework.boot.test.autoconfigure.web.client.MockRestServiceServerResetTestExecutionListener, org.springframework.boot.test.autoconfigure.web.servlet.MockMvcPrintOnlyOnFailureTestExecutionListener, org.springframework.boot.test.autoconfigure.web.servlet.WebDriverTestExecutionListener, org.springframework.boot.test.mock.mockito.MockitoTestExecutionListener, org.springframework.boot.test.mock.mockito.ResetMocksTestExecutionListener, org.springframework.test.context.web.ServletTestExecutionListener, org.springframework.test.context.support.DirtiesContextBeforeModesTestExecutionListener, org.springframework.test.context.support.DependencyInjectionTestExecutionListener, org.springframework.test.context.support.DirtiesContextTestExecutionListener, org.springframework.test.context.transaction.TransactionalTestExecutionListener, org.springframework.test.context.jdbc.SqlScriptsTestExecutionListener]
2018-04-03 20:55:29.580  INFO 25172 --- [    Test worker] .b.t.c.SpringBootTestContextBootstrapper : Using TestExecutionListeners: [org.springframework.test.context.web.ServletTestExecutionListener@69d0c1fd, org.springframework.test.context.support.DirtiesContextBeforeModesTestExecutionListener@2881ae3a, org.springframework.boot.test.mock.mockito.MockitoTestExecutionListener@79f54ea7, org.springframework.boot.test.autoconfigure.SpringBootDependencyInjectionTestExecutionListener@7b6ed536, org.springframework.test.context.support.DirtiesContextTestExecutionListener@14de3c8f, org.springframework.test.context.transaction.TransactionalTestExecutionListener@310ba050, org.springframework.test.context.jdbc.SqlScriptsTestExecutionListener@625840a0, org.springframework.boot.test.autoconfigure.restdocs.RestDocsTestExecutionListener@6f12eeb8, org.springframework.boot.test.autoconfigure.web.client.MockRestServiceServerResetTestExecutionListener@a4d8d91, org.springframework.boot.test.autoconfigure.web.servlet.MockMvcPrintOnlyOnFailureTestExecutionListener@66a8b5a8, org.springframework.boot.test.autoconfigure.web.servlet.WebDriverTestExecutionListener@4655a49d, org.springframework.boot.test.mock.mockito.ResetMocksTestExecutionListener@3e4af5c1]
2018-04-03 20:55:29.584  INFO 25172 --- [    Test worker] com.elx.service.OvenController           : Get all available ovens

MockHttpServletRequest:
      HTTP Method = GET
      Request URI = /appliances/ovens
       Parameters = {}
          Headers = {}
             Body = null
    Session Attrs = {}

Handler:
             Type = com.elx.service.OvenController
           Method = public java.util.List<com.elx.service.Oven> com.elx.service.OvenController.getAllOvens()

Async:
    Async started = false
     Async result = null

Resolved Exception:
             Type = null

ModelAndView:
        View name = null
             View = null
            Model = null

FlashMap:
       Attributes = null

MockHttpServletResponse:
           Status = 200
    Error message = null
          Headers = {Content-Type=[application/json;charset=UTF-8]}
     Content type = application/json;charset=UTF-8
             Body = [{"deviceId":1000,"type":"TEST OVEN","storageId":"5ac3bf8ec4cb5861d261a60b","status":"TESTED"}]
    Forwarded URL = null
   Redirected URL = null
          Cookies = []
]]></system-out>
  <system-err><![CDATA[]]></system-err>
</testsuite>
